2017-07-10 12:29:33,766 INFO TestNG com.tools.AppiumServer - kill node.exe task ...
2017-07-10 12:29:33,768 INFO TestNG com.tools.AppiumServer - taskkill /F /im node.exe
2017-07-10 12:29:33,766 INFO TestNG com.tools.AppiumServer - kill node.exe task ...
2017-07-10 12:29:33,769 INFO TestNG com.tools.AppiumServer - taskkill /F /im node.exe
2017-07-10 12:29:37,412 INFO TestNG com.tools.AppiumServer - init appium server...
2017-07-10 12:29:37,412 INFO TestNG com.tools.AppiumServer - run 7N2MYN1528001420 Appium Server in port 4723...
2017-07-10 12:29:37,412 INFO TestNG com.tools.AppiumServer - appium.cmd -p 4723 -bp 4724 --session-override --chromedriver-port 9515 -U 7N2MYN1528001420 >c://4723.txt
2017-07-10 12:29:37,412 INFO TestNG com.tools.AppiumServer - appium.cmd -p 4723 -bp 4724 --session-override --chromedriver-port 9515 -U 7N2MYN1528001420 >c://4723.txt
2017-07-10 12:29:37,465 INFO TestNG com.tools.AppiumServer - init appium server...
2017-07-10 12:29:37,465 INFO TestNG com.tools.AppiumServer - run 7N2MYN1528001420 Appium Server in port 4723...
2017-07-10 12:29:37,465 INFO TestNG com.tools.AppiumServer - appium.cmd -p 4723 -bp 4724 --session-override --chromedriver-port 9515 -U 7N2MYN1528001420 >c://4723.txt
2017-07-10 12:29:37,465 INFO TestNG com.tools.AppiumServer - appium.cmd -p 4723 -bp 4724 --session-override --chromedriver-port 9515 -U 7N2MYN1528001420 >c://4723.txt
2017-07-10 12:29:41,040 INFO TestNG com.tools.AppiumServer - run ZX1G722D9V Appium Server in port 4724...
2017-07-10 12:29:41,040 INFO TestNG com.tools.AppiumServer - appium.cmd -p 4724 -bp 4725 --session-override --chromedriver-port 9516 -U ZX1G722D9V >c://4724.txt
2017-07-10 12:29:41,040 INFO TestNG com.tools.AppiumServer - appium.cmd -p 4724 -bp 4725 --session-override --chromedriver-port 9516 -U ZX1G722D9V >c://4724.txt
2017-07-10 12:29:41,096 INFO TestNG com.tools.AppiumServer - run ZX1G722D9V Appium Server in port 4724...
2017-07-10 12:29:41,096 INFO TestNG com.tools.AppiumServer - appium.cmd -p 4724 -bp 4725 --session-override --chromedriver-port 9516 -U ZX1G722D9V >c://4724.txt
2017-07-10 12:29:41,096 INFO TestNG com.tools.AppiumServer - appium.cmd -p 4724 -bp 4725 --session-override --chromedriver-port 9516 -U ZX1G722D9V >c://4724.txt
2017-07-10 12:32:06,081 INFO TestNG com.tools.AppiumServer - kill node.exe task ...
2017-07-10 12:32:06,081 INFO TestNG com.tools.AppiumServer - kill node.exe task ...
2017-07-10 12:32:06,082 INFO TestNG com.tools.AppiumServer - taskkill /F /im node.exe
2017-07-10 12:32:06,082 INFO TestNG com.tools.AppiumServer - taskkill /F /im node.exe
2017-07-10 12:32:09,738 INFO TestNG com.tools.AppiumServer - init appium server...
2017-07-10 12:32:09,738 INFO TestNG com.tools.AppiumServer - run 7N2MYN1528001420 Appium Server in port 4723...
2017-07-10 12:32:09,738 INFO TestNG com.tools.AppiumServer - appium.cmd -p 4723 -bp 4724 --session-override --chromedriver-port 9515 -U 7N2MYN1528001420 >c://4723.txt
2017-07-10 12:32:09,738 INFO TestNG com.tools.AppiumServer - appium.cmd -p 4723 -bp 4724 --session-override --chromedriver-port 9515 -U 7N2MYN1528001420 >c://4723.txt
2017-07-10 12:32:09,780 INFO TestNG com.tools.AppiumServer - init appium server...
2017-07-10 12:32:09,780 INFO TestNG com.tools.AppiumServer - run 7N2MYN1528001420 Appium Server in port 4723...
2017-07-10 12:32:09,780 INFO TestNG com.tools.AppiumServer - appium.cmd -p 4723 -bp 4724 --session-override --chromedriver-port 9515 -U 7N2MYN1528001420 >c://4723.txt
2017-07-10 12:32:09,780 INFO TestNG com.tools.AppiumServer - appium.cmd -p 4723 -bp 4724 --session-override --chromedriver-port 9515 -U 7N2MYN1528001420 >c://4723.txt
2017-07-10 12:32:13,370 INFO TestNG com.tools.AppiumServer - run ZX1G722D9V Appium Server in port 4724...
2017-07-10 12:32:13,370 INFO TestNG com.tools.AppiumServer - appium.cmd -p 4724 -bp 4725 --session-override --chromedriver-port 9516 -U ZX1G722D9V >c://4724.txt
2017-07-10 12:32:13,370 INFO TestNG com.tools.AppiumServer - appium.cmd -p 4724 -bp 4725 --session-override --chromedriver-port 9516 -U ZX1G722D9V >c://4724.txt
2017-07-10 12:32:13,411 INFO TestNG com.tools.AppiumServer - run ZX1G722D9V Appium Server in port 4724...
2017-07-10 12:32:13,411 INFO TestNG com.tools.AppiumServer - appium.cmd -p 4724 -bp 4725 --session-override --chromedriver-port 9516 -U ZX1G722D9V >c://4724.txt
2017-07-10 12:32:13,411 INFO TestNG com.tools.AppiumServer - appium.cmd -p 4724 -bp 4725 --session-override --chromedriver-port 9516 -U ZX1G722D9V >c://4724.txt
2017-07-10 12:33:50,335 INFO TestNG com.tools.AppiumServer - kill node.exe task ...
2017-07-10 12:33:50,335 INFO TestNG com.tools.AppiumServer - kill node.exe task ...
2017-07-10 12:33:50,335 INFO TestNG com.tools.AppiumServer - taskkill /F /im node.exe
2017-07-10 12:33:50,335 INFO TestNG com.tools.AppiumServer - taskkill /F /im node.exe
2017-07-10 12:33:53,974 INFO TestNG com.tools.AppiumServer - init appium server...
2017-07-10 12:33:53,974 INFO TestNG com.tools.AppiumServer - run 7N2MYN1528001420 Appium Server in port 4723...
2017-07-10 12:33:53,974 INFO TestNG com.tools.AppiumServer - appium.cmd -p 4723 -bp 4724 --session-override --chromedriver-port 9515 -U 7N2MYN1528001420 >c://4723.txt
2017-07-10 12:33:53,974 INFO TestNG com.tools.AppiumServer - appium.cmd -p 4723 -bp 4724 --session-override --chromedriver-port 9515 -U 7N2MYN1528001420 >c://4723.txt
2017-07-10 12:33:54,022 INFO TestNG com.tools.AppiumServer - init appium server...
2017-07-10 12:33:54,022 INFO TestNG com.tools.AppiumServer - run 7N2MYN1528001420 Appium Server in port 4723...
2017-07-10 12:33:54,022 INFO TestNG com.tools.AppiumServer - appium.cmd -p 4723 -bp 4724 --session-override --chromedriver-port 9515 -U 7N2MYN1528001420 >c://4723.txt
2017-07-10 12:33:54,022 INFO TestNG com.tools.AppiumServer - appium.cmd -p 4723 -bp 4724 --session-override --chromedriver-port 9515 -U 7N2MYN1528001420 >c://4723.txt
2017-07-10 12:33:57,605 INFO TestNG com.tools.AppiumServer - run ZX1G722D9V Appium Server in port 4724...
2017-07-10 12:33:57,605 INFO TestNG com.tools.AppiumServer - appium.cmd -p 4724 -bp 4725 --session-override --chromedriver-port 9516 -U ZX1G722D9V >c://4724.txt
2017-07-10 12:33:57,605 INFO TestNG com.tools.AppiumServer - appium.cmd -p 4724 -bp 4725 --session-override --chromedriver-port 9516 -U ZX1G722D9V >c://4724.txt
2017-07-10 12:33:57,666 INFO TestNG com.tools.AppiumServer - run ZX1G722D9V Appium Server in port 4724...
2017-07-10 12:33:57,666 INFO TestNG com.tools.AppiumServer - appium.cmd -p 4724 -bp 4725 --session-override --chromedriver-port 9516 -U ZX1G722D9V >c://4724.txt
2017-07-10 12:33:57,666 INFO TestNG com.tools.AppiumServer - appium.cmd -p 4724 -bp 4725 --session-override --chromedriver-port 9516 -U ZX1G722D9V >c://4724.txt
2017-07-10 14:25:38,509 INFO main com.tools.AppiumServer - kill node.exe task ...
2017-07-10 14:25:42,261 INFO main com.tools.AppiumServer - init appium server...
2017-07-10 14:25:42,261 INFO main com.tools.AppiumServer - run 7N2MYN1528001420 Appium Server in port 4723...
2017-07-10 14:25:42,261 INFO main com.tools.AppiumServer - appium.cmd -p 4723 -bp 4724 --session-override --chromedriver-port 9515 -U 7N2MYN1528001420 >c://4723.txt
2017-07-10 14:25:45,904 INFO main com.tools.AppiumServer - run ZX1G722D9V Appium Server in port 4724...
2017-07-10 14:25:45,906 INFO main com.tools.AppiumServer - appium.cmd -p 4724 -bp 4725 --session-override --chromedriver-port 9516 -U ZX1G722D9V >c://4724.txt
2017-07-10 14:26:16,468 INFO main com.tools.AppiumServer - kill node.exe task ...
2017-07-10 14:26:20,112 INFO main com.tools.AppiumServer - init appium server...
2017-07-10 14:26:20,112 INFO main com.tools.AppiumServer - run 7N2MYN1528001420 Appium Server in port 4723...
2017-07-10 14:26:20,112 INFO main com.tools.AppiumServer - appium.cmd -p 4723 -bp 4724 --session-override --chromedriver-port 9515 -U 7N2MYN1528001420 >c://4723.txt
2017-07-10 14:26:23,767 INFO main com.tools.AppiumServer - run ZX1G722D9V Appium Server in port 4724...
2017-07-10 14:26:23,767 INFO main com.tools.AppiumServer - appium.cmd -p 4724 -bp 4725 --session-override --chromedriver-port 9516 -U ZX1G722D9V >c://4724.txt
2017-07-10 14:29:37,755 INFO main com.tools.AppiumServer - kill node.exe task ...
2017-07-10 14:29:58,124 INFO main com.tools.AppiumServer - kill node.exe task ...
2017-07-10 14:30:01,767 INFO main com.tools.AppiumServer - init appium server...
2017-07-10 14:30:01,767 INFO main com.tools.AppiumServer - run 7N2MYN1528001420 Appium Server in port 4723...
2017-07-10 14:30:01,767 INFO main com.tools.AppiumServer - appium.cmd -p 4723 -bp 4724 --session-override --chromedriver-port 9515 -U 7N2MYN1528001420 >c://4723.txt
2017-07-10 14:30:05,411 INFO main com.tools.AppiumServer - run ZX1G722D9V Appium Server in port 4724...
2017-07-10 14:30:05,411 INFO main com.tools.AppiumServer - appium.cmd -p 4724 -bp 4725 --session-override --chromedriver-port 9516 -U ZX1G722D9V >c://4724.txt
2017-07-10 14:36:46,212 INFO main com.tools.AppiumServer - kill node.exe task ...
2017-07-10 14:36:49,857 INFO main com.tools.AppiumServer - init appium server...
2017-07-10 14:36:49,857 INFO main com.tools.AppiumServer - run 7N2MYN1528001420 Appium Server in port 4723...
2017-07-10 14:36:49,857 INFO main com.tools.AppiumServer - appium.cmd -p 4723 -bp 4724 --session-override --chromedriver-port 9515 -U 7N2MYN1528001420 >c://4723.txt
2017-07-10 14:36:53,507 INFO main com.tools.AppiumServer - run ZX1G722D9V Appium Server in port 4724...
2017-07-10 14:36:53,507 INFO main com.tools.AppiumServer - appium.cmd -p 4724 -bp 4725 --session-override --chromedriver-port 9516 -U ZX1G722D9V >c://4724.txt
2017-07-10 14:38:02,774 INFO main com.tools.AppiumServer - kill node.exe task ...
2017-07-10 14:38:07,201 INFO main com.tools.AppiumServer - kill node.exe task ...
2017-07-10 14:38:10,839 INFO main com.tools.AppiumServer - init appium server...
2017-07-10 14:38:10,839 INFO main com.tools.AppiumServer - run 7N2MYN1528001420 Appium Server in port 4723...
2017-07-10 14:38:10,839 INFO main com.tools.AppiumServer - appium.cmd -p 4723 -bp 4724 --session-override --chromedriver-port 9515 -U 7N2MYN1528001420 >c://4723.txt
2017-07-10 14:38:14,513 INFO main com.tools.AppiumServer - run ZX1G722D9V Appium Server in port 4724...
2017-07-10 14:38:14,513 INFO main com.tools.AppiumServer - appium.cmd -p 4724 -bp 4725 --session-override --chromedriver-port 9516 -U ZX1G722D9V >c://4724.txt
2017-07-10 14:39:50,402 INFO main com.tools.AppiumServer - kill node.exe task ...
2017-07-10 14:39:54,049 INFO main com.tools.AppiumServer - init appium server...
2017-07-10 14:39:54,049 INFO main com.tools.AppiumServer - run 7N2MYN1528001420 Appium Server in port 4723...
2017-07-10 14:39:54,049 INFO main com.tools.AppiumServer - appium.cmd -p 4723 -bp 4724 --session-override --chromedriver-port 9515 -U 7N2MYN1528001420 >c://4723.txt
2017-07-10 14:39:57,679 INFO main com.tools.AppiumServer - run ZX1G722D9V Appium Server in port 4724...
2017-07-10 14:39:57,679 INFO main com.tools.AppiumServer - appium.cmd -p 4724 -bp 4725 --session-override --chromedriver-port 9516 -U ZX1G722D9V >c://4724.txt
2017-07-10 14:51:33,386 INFO main com.tools.AppiumServer - kill node.exe task ...
2017-07-10 14:51:37,030 INFO main com.tools.AppiumServer - init appium server...
2017-07-10 14:51:37,030 INFO main com.tools.AppiumServer - run 7N2MYN1528001420 Appium Server in port 4723...
2017-07-10 14:51:37,030 INFO main com.tools.AppiumServer - appium.cmd -p 4723 -bp 4724 --session-override --chromedriver-port 9515 -U 7N2MYN1528001420 >c://4723.txt
2017-07-10 14:51:40,684 INFO main com.tools.AppiumServer - run ZX1G722D9V Appium Server in port 4724...
2017-07-10 14:51:40,684 INFO main com.tools.AppiumServer - appium.cmd -p 4724 -bp 4725 --session-override --chromedriver-port 9516 -U ZX1G722D9V >c://4724.txt
2017-07-10 14:54:17,874 INFO main com.tools.AppiumServer - kill node.exe task ...
2017-07-10 14:54:21,520 INFO main com.tools.AppiumServer - init appium server...
2017-07-10 14:54:21,520 INFO main com.tools.AppiumServer - run 7N2MYN1528001420 Appium Server in port 4723...
2017-07-10 14:54:21,520 INFO main com.tools.AppiumServer - appium.cmd -p 4723 -bp 4724 --session-override --chromedriver-port 9515 -U 7N2MYN1528001420 >c://4723.txt
2017-07-10 14:54:25,179 INFO main com.tools.AppiumServer - run ZX1G722D9V Appium Server in port 4724...
2017-07-10 14:54:25,179 INFO main com.tools.AppiumServer - appium.cmd -p 4724 -bp 4725 --session-override --chromedriver-port 9516 -U ZX1G722D9V >c://4724.txt
2017-07-10 14:56:12,724 INFO main com.tools.AppiumServer - kill node.exe task ...
2017-07-10 14:56:16,362 INFO main com.tools.AppiumServer - init appium server...
2017-07-10 14:56:16,362 INFO main com.tools.AppiumServer - run 7N2MYN1528001420 Appium Server in port 4723...
2017-07-10 14:56:16,362 INFO main com.tools.AppiumServer - appium.cmd -p 4723 -bp 4724 --session-override --chromedriver-port 9515 -U 7N2MYN1528001420 >c://4723.txt
2017-07-10 14:56:19,993 INFO main com.tools.AppiumServer - run ZX1G722D9V Appium Server in port 4724...
2017-07-10 14:56:19,994 INFO main com.tools.AppiumServer - appium.cmd -p 4724 -bp 4725 --session-override --chromedriver-port 9516 -U ZX1G722D9V >c://4724.txt
2017-07-10 15:01:27,652 INFO main com.tools.AppiumServer - kill node.exe task ...
2017-07-10 15:01:31,318 INFO main com.tools.AppiumServer - init appium server...
2017-07-10 15:01:31,318 INFO main com.tools.AppiumServer - run 7N2MYN1528001420 Appium Server in port 4723...
2017-07-10 15:01:31,318 INFO main com.tools.AppiumServer - appium.cmd -p 4723 -bp 4724 --session-override --chromedriver-port 9515 -U 7N2MYN1528001420 >c://4723.txt
2017-07-10 15:01:34,959 INFO main com.tools.AppiumServer - run ZX1G722D9V Appium Server in port 4724...
2017-07-10 15:01:34,959 INFO main com.tools.AppiumServer - appium.cmd -p 4724 -bp 4725 --session-override --chromedriver-port 9516 -U ZX1G722D9V >c://4724.txt
2017-07-10 15:08:23,863 INFO main com.tools.AppiumServer - kill node.exe task ...
2017-07-10 15:08:27,501 INFO main com.tools.AppiumServer - init appium server...
2017-07-10 15:08:27,501 INFO main com.tools.AppiumServer - run 7N2MYN1528001420 Appium Server in port 4723...
2017-07-10 15:08:27,501 INFO main com.tools.AppiumServer - appium.cmd -p 4723 -bp 4724 --session-override --chromedriver-port 9515 -U 7N2MYN1528001420 >c://4723.txt
2017-07-10 15:08:31,153 INFO main com.tools.AppiumServer - run ZX1G722D9V Appium Server in port 4724...
2017-07-10 15:08:31,153 INFO main com.tools.AppiumServer - appium.cmd -p 4724 -bp 4725 --session-override --chromedriver-port 9516 -U ZX1G722D9V >c://4724.txt
2017-07-10 15:09:51,236 INFO main com.tools.AppiumServer - kill node.exe task ...
2017-07-10 15:09:54,883 INFO main com.tools.AppiumServer - init appium server...
2017-07-10 15:09:54,883 INFO main com.tools.AppiumServer - run 7N2MYN1528001420 Appium Server in port 4723...
2017-07-10 15:09:54,883 INFO main com.tools.AppiumServer - appium.cmd -p 4723 -bp 4724 --session-override --chromedriver-port 9515 -U 7N2MYN1528001420 >c://4723.txt
2017-07-10 15:09:58,509 INFO main com.tools.AppiumServer - run ZX1G722D9V Appium Server in port 4724...
2017-07-10 15:09:58,509 INFO main com.tools.AppiumServer - appium.cmd -p 4724 -bp 4725 --session-override --chromedriver-port 9516 -U ZX1G722D9V >c://4724.txt
2017-07-10 15:16:01,505 INFO main com.tools.AppiumServer - kill node.exe task ...
2017-07-10 15:16:05,150 INFO main com.tools.AppiumServer - init appium server...
2017-07-10 15:16:05,150 INFO main com.tools.AppiumServer - run 7N2MYN1528001420 Appium Server in port 4723...
2017-07-10 15:16:05,151 INFO main com.tools.AppiumServer - appium.cmd -p 4723 -bp 4724 --session-override --chromedriver-port 9515 -U 7N2MYN1528001420 >c://4723.txt
2017-07-10 15:16:08,803 INFO main com.tools.AppiumServer - run ZX1G722D9V Appium Server in port 4724...
2017-07-10 15:16:08,803 INFO main com.tools.AppiumServer - appium.cmd -p 4724 -bp 4725 --session-override --chromedriver-port 9516 -U ZX1G722D9V >c://4724.txt
2017-07-10 15:21:10,304 INFO main com.tools.AppiumServer - kill node.exe task ...
2017-07-10 15:21:13,951 INFO main com.tools.AppiumServer - init appium server...
2017-07-10 15:21:13,951 INFO main com.tools.AppiumServer - run 7N2MYN1528001420 Appium Server in port 4723...
2017-07-10 15:21:13,951 INFO main com.tools.AppiumServer - appium.cmd -p 4723 -bp 4724 --session-override --chromedriver-port 9515 -U 7N2MYN1528001420 >c://4723.txt
2017-07-10 15:21:17,594 INFO main com.tools.AppiumServer - run ZX1G722D9V Appium Server in port 4724...
2017-07-10 15:21:17,595 INFO main com.tools.AppiumServer - appium.cmd -p 4724 -bp 4725 --session-override --chromedriver-port 9516 -U ZX1G722D9V >c://4724.txt
2017-07-10 15:32:24,032 INFO TestNG com.tools.AppiumServer - kill node.exe task ...
2017-07-10 15:32:24,032 INFO TestNG com.tools.AppiumServer - kill node.exe task ...
2017-07-10 15:32:27,670 INFO TestNG com.tools.AppiumServer - init appium server...
2017-07-10 15:32:27,670 INFO TestNG com.tools.AppiumServer - run 7N2MYN1528001420 Appium Server in port 4723...
2017-07-10 15:32:27,670 INFO TestNG com.tools.AppiumServer - appium.cmd -p 4723 -bp 4724 --session-override --chromedriver-port 9515 -U 7N2MYN1528001420 >c://4723.txt
2017-07-10 15:32:27,728 INFO TestNG com.tools.AppiumServer - init appium server...
2017-07-10 15:32:27,729 INFO TestNG com.tools.AppiumServer - run 7N2MYN1528001420 Appium Server in port 4723...
2017-07-10 15:32:27,729 INFO TestNG com.tools.AppiumServer - appium.cmd -p 4723 -bp 4724 --session-override --chromedriver-port 9515 -U 7N2MYN1528001420 >c://4723.txt
2017-07-10 15:32:31,325 INFO TestNG com.tools.AppiumServer - run ZX1G722D9V Appium Server in port 4724...
2017-07-10 15:32:31,325 INFO TestNG com.tools.AppiumServer - appium.cmd -p 4724 -bp 4725 --session-override --chromedriver-port 9516 -U ZX1G722D9V >c://4724.txt
2017-07-10 15:32:31,363 INFO TestNG com.tools.AppiumServer - run ZX1G722D9V Appium Server in port 4724...
2017-07-10 15:32:31,363 INFO TestNG com.tools.AppiumServer - appium.cmd -p 4724 -bp 4725 --session-override --chromedriver-port 9516 -U ZX1G722D9V >c://4724.txt
2017-07-10 15:33:22,244 INFO TestNG com.tools.AppiumServer - kill node.exe task ...
2017-07-10 15:33:22,244 INFO TestNG com.tools.AppiumServer - kill node.exe task ...
2017-07-10 15:33:25,886 INFO TestNG com.tools.AppiumServer - init appium server...
2017-07-10 15:33:25,886 INFO TestNG com.tools.AppiumServer - run 7N2MYN1528001420 Appium Server in port 4723...
2017-07-10 15:33:25,886 INFO TestNG com.tools.AppiumServer - appium.cmd -p 4723 -bp 4724 --session-override --chromedriver-port 9515 -U 7N2MYN1528001420 >c://4723.txt
2017-07-10 15:33:25,938 INFO TestNG com.tools.AppiumServer - init appium server...
2017-07-10 15:33:25,938 INFO TestNG com.tools.AppiumServer - run 7N2MYN1528001420 Appium Server in port 4723...
2017-07-10 15:33:25,938 INFO TestNG com.tools.AppiumServer - appium.cmd -p 4723 -bp 4724 --session-override --chromedriver-port 9515 -U 7N2MYN1528001420 >c://4723.txt
2017-07-10 15:33:29,541 INFO TestNG com.tools.AppiumServer - run ZX1G722D9V Appium Server in port 4724...
2017-07-10 15:33:29,541 INFO TestNG com.tools.AppiumServer - appium.cmd -p 4724 -bp 4725 --session-override --chromedriver-port 9516 -U ZX1G722D9V >c://4724.txt
2017-07-10 15:33:29,569 INFO TestNG com.tools.AppiumServer - run ZX1G722D9V Appium Server in port 4724...
2017-07-10 15:33:29,569 INFO TestNG com.tools.AppiumServer - appium.cmd -p 4724 -bp 4725 --session-override --chromedriver-port 9516 -U ZX1G722D9V >c://4724.txt
2017-07-10 15:36:10,961 INFO TestNG com.tools.AppiumServer - kill node.exe task ...
2017-07-10 15:36:10,961 INFO TestNG com.tools.AppiumServer - kill node.exe task ...
2017-07-10 15:36:14,601 INFO TestNG com.tools.AppiumServer - init appium server...
2017-07-10 15:36:14,601 INFO TestNG com.tools.AppiumServer - run 7N2MYN1528001420 Appium Server in port 4723...
2017-07-10 15:36:14,601 INFO TestNG com.tools.AppiumServer - appium.cmd -p 4723 -bp 4724 --session-override --chromedriver-port 9515 -U 7N2MYN1528001420 >c://4723.txt
2017-07-10 15:36:14,656 INFO TestNG com.tools.AppiumServer - init appium server...
2017-07-10 15:36:14,656 INFO TestNG com.tools.AppiumServer - run 7N2MYN1528001420 Appium Server in port 4723...
2017-07-10 15:36:14,656 INFO TestNG com.tools.AppiumServer - appium.cmd -p 4723 -bp 4724 --session-override --chromedriver-port 9515 -U 7N2MYN1528001420 >c://4723.txt
2017-07-10 15:36:18,252 INFO TestNG com.tools.AppiumServer - run ZX1G722D9V Appium Server in port 4724...
2017-07-10 15:36:18,252 INFO TestNG com.tools.AppiumServer - appium.cmd -p 4724 -bp 4725 --session-override --chromedriver-port 9516 -U ZX1G722D9V >c://4724.txt
2017-07-10 15:36:18,286 INFO TestNG com.tools.AppiumServer - run ZX1G722D9V Appium Server in port 4724...
2017-07-10 15:36:18,286 INFO TestNG com.tools.AppiumServer - appium.cmd -p 4724 -bp 4725 --session-override --chromedriver-port 9516 -U ZX1G722D9V >c://4724.txt
2017-07-10 15:37:25,994 INFO TestNG com.tools.AppiumServer - kill node.exe task ...
2017-07-10 15:37:25,994 INFO TestNG com.tools.AppiumServer - kill node.exe task ...
2017-07-10 15:37:29,634 INFO TestNG com.tools.AppiumServer - init appium server...
2017-07-10 15:37:29,637 INFO TestNG com.tools.AppiumServer - run 7N2MYN1528001420 Appium Server in port 4723...
2017-07-10 15:37:29,638 INFO TestNG com.tools.AppiumServer - appium.cmd -p 4723 -bp 4724 --session-override --chromedriver-port 9515 -U 7N2MYN1528001420 >c://4723.txt
2017-07-10 15:37:29,681 INFO TestNG com.tools.AppiumServer - init appium server...
2017-07-10 15:37:29,681 INFO TestNG com.tools.AppiumServer - run 7N2MYN1528001420 Appium Server in port 4723...
2017-07-10 15:37:29,681 INFO TestNG com.tools.AppiumServer - appium.cmd -p 4723 -bp 4724 --session-override --chromedriver-port 9515 -U 7N2MYN1528001420 >c://4723.txt
2017-07-10 15:37:33,279 INFO TestNG com.tools.AppiumServer - run ZX1G722D9V Appium Server in port 4724...
2017-07-10 15:37:33,279 INFO TestNG com.tools.AppiumServer - appium.cmd -p 4724 -bp 4725 --session-override --chromedriver-port 9516 -U ZX1G722D9V >c://4724.txt
2017-07-10 15:37:33,318 INFO TestNG com.tools.AppiumServer - run ZX1G722D9V Appium Server in port 4724...
2017-07-10 15:37:33,318 INFO TestNG com.tools.AppiumServer - appium.cmd -p 4724 -bp 4725 --session-override --chromedriver-port 9516 -U ZX1G722D9V >c://4724.txt
2017-07-10 15:39:46,582 INFO TestNG com.tools.AppiumServer - kill node.exe task ...
2017-07-10 15:39:50,225 INFO TestNG com.tools.AppiumServer - init appium server...
2017-07-10 15:39:50,225 INFO TestNG com.tools.AppiumServer - run 7N2MYN1528001420 Appium Server in port 4723...
2017-07-10 15:39:50,225 INFO TestNG com.tools.AppiumServer - appium.cmd -p 4723 -bp 4724 --session-override --chromedriver-port 9515 -U 7N2MYN1528001420 >c://4723.txt
2017-07-10 15:39:53,872 INFO TestNG com.tools.AppiumServer - run ZX1G722D9V Appium Server in port 4724...
2017-07-10 15:39:53,872 INFO TestNG com.tools.AppiumServer - appium.cmd -p 4724 -bp 4725 --session-override --chromedriver-port 9516 -U ZX1G722D9V >c://4724.txt
2017-07-10 15:42:31,041 INFO TestNG com.tools.AppiumServer - kill node.exe task ...
2017-07-10 15:42:34,681 INFO TestNG com.tools.AppiumServer - init appium server...
2017-07-10 15:42:34,681 INFO TestNG com.tools.AppiumServer - run 7N2MYN1528001420 Appium Server in port 4723...
2017-07-10 15:42:34,681 INFO TestNG com.tools.AppiumServer - appium.cmd -p 4723 -bp 4724 --session-override --chromedriver-port 9515 -U 7N2MYN1528001420 >c://4723.txt
2017-07-10 15:42:38,327 INFO TestNG com.tools.AppiumServer - run ZX1G722D9V Appium Server in port 4724...
2017-07-10 15:42:38,327 INFO TestNG com.tools.AppiumServer - appium.cmd -p 4724 -bp 4725 --session-override --chromedriver-port 9516 -U ZX1G722D9V >c://4724.txt
2017-07-10 15:50:48,963 INFO TestNG com.tools.AppiumServer - kill node.exe task ...
2017-07-10 15:50:52,599 INFO TestNG com.tools.AppiumServer - init appium server...
2017-07-10 15:50:52,599 INFO TestNG com.tools.AppiumServer - run 7N2MYN1528001420 Appium Server in port 4723...
2017-07-10 15:50:52,599 INFO TestNG com.tools.AppiumServer - appium.cmd -p 4723 -bp 4724 --session-override --chromedriver-port 9515 -U 7N2MYN1528001420 >c://4723.txt
2017-07-10 15:50:56,250 INFO TestNG com.tools.AppiumServer - run ZX1G722D9V Appium Server in port 4724...
2017-07-10 15:50:56,252 INFO TestNG com.tools.AppiumServer - appium.cmd -p 4724 -bp 4725 --session-override --chromedriver-port 9516 -U ZX1G722D9V >c://4724.txt
2017-07-10 15:52:56,246 INFO TestNG com.tools.AppiumServer - kill node.exe task ...
2017-07-10 15:52:59,885 INFO TestNG com.tools.AppiumServer - init appium server...
2017-07-10 15:52:59,885 INFO TestNG com.tools.AppiumServer - run 7N2MYN1528001420 Appium Server in port 4723...
2017-07-10 15:52:59,885 INFO TestNG com.tools.AppiumServer - appium.cmd -p 4723 -bp 4724 --session-override --chromedriver-port 9515 -U 7N2MYN1528001420 >c://4723.txt
2017-07-10 15:53:03,545 INFO TestNG com.tools.AppiumServer - run ZX1G722D9V Appium Server in port 4724...
2017-07-10 15:53:03,548 INFO TestNG com.tools.AppiumServer - appium.cmd -p 4724 -bp 4725 --session-override --chromedriver-port 9516 -U ZX1G722D9V >c://4724.txt
2017-07-10 15:55:46,382 INFO TestNG com.tools.AppiumServer - kill node.exe task ...
2017-07-10 15:55:50,021 INFO TestNG com.tools.AppiumServer - init appium server...
2017-07-10 15:55:50,021 INFO TestNG com.tools.AppiumServer - run 7N2MYN1528001420 Appium Server in port 4723...
2017-07-10 15:55:50,021 INFO TestNG com.tools.AppiumServer - appium.cmd -p 4723 -bp 4724 --session-override --chromedriver-port 9515 -U 7N2MYN1528001420 >c://4723.txt
2017-07-10 15:55:53,669 INFO TestNG com.tools.AppiumServer - run ZX1G722D9V Appium Server in port 4724...
2017-07-10 15:55:53,670 INFO TestNG com.tools.AppiumServer - appium.cmd -p 4724 -bp 4725 --session-override --chromedriver-port 9516 -U ZX1G722D9V >c://4724.txt
2017-07-10 15:57:33,243 INFO TestNG com.tools.AppiumServer - kill node.exe task ...
2017-07-10 15:57:36,882 INFO TestNG com.tools.AppiumServer - init appium server...
2017-07-10 15:57:36,882 INFO TestNG com.tools.AppiumServer - run 7N2MYN1528001420 Appium Server in port 4723...
2017-07-10 15:57:36,882 INFO TestNG com.tools.AppiumServer - appium.cmd -p 4723 -bp 4724 --session-override --chromedriver-port 9515 -U 7N2MYN1528001420 >c://4723.txt
2017-07-10 15:57:40,538 INFO TestNG com.tools.AppiumServer - run ZX1G722D9V Appium Server in port 4724...
2017-07-10 15:57:40,538 INFO TestNG com.tools.AppiumServer - appium.cmd -p 4724 -bp 4725 --session-override --chromedriver-port 9516 -U ZX1G722D9V >c://4724.txt
2017-07-10 16:00:04,194 INFO TestNG com.tools.AppiumServer - kill node.exe task ...
2017-07-10 16:00:07,834 INFO TestNG com.tools.AppiumServer - init appium server...
2017-07-10 16:00:07,834 INFO TestNG com.tools.AppiumServer - run 7N2MYN1528001420 Appium Server in port 4723...
2017-07-10 16:00:07,834 INFO TestNG com.tools.AppiumServer - appium.cmd -p 4723 -bp 4724 --session-override --chromedriver-port 9515 -U 7N2MYN1528001420 >c://4723.txt
2017-07-10 16:00:11,481 INFO TestNG com.tools.AppiumServer - run ZX1G722D9V Appium Server in port 4724...
2017-07-10 16:00:11,484 INFO TestNG com.tools.AppiumServer - appium.cmd -p 4724 -bp 4725 --session-override --chromedriver-port 9516 -U ZX1G722D9V >c://4724.txt
2017-07-10 16:02:25,664 INFO TestNG com.tools.AppiumServer - kill node.exe task ...
2017-07-10 16:02:29,315 INFO TestNG com.tools.AppiumServer - init appium server...
2017-07-10 16:02:29,315 INFO TestNG com.tools.AppiumServer - run 7N2MYN1528001420 Appium Server in port 4723...
2017-07-10 16:02:29,315 INFO TestNG com.tools.AppiumServer - appium.cmd -p 4723 -bp 4724 --session-override --chromedriver-port 9515 -U 7N2MYN1528001420 >c://4723.txt
2017-07-10 16:02:32,971 INFO TestNG com.tools.AppiumServer - run ZX1G722D9V Appium Server in port 4724...
2017-07-10 16:02:32,971 INFO TestNG com.tools.AppiumServer - appium.cmd -p 4724 -bp 4725 --session-override --chromedriver-port 9516 -U ZX1G722D9V >c://4724.txt
2017-07-10 16:05:52,468 INFO TestNG com.tools.AppiumServer - kill node.exe task ...
2017-07-10 16:05:56,106 INFO TestNG com.tools.AppiumServer - init appium server...
2017-07-10 16:05:56,106 INFO TestNG com.tools.AppiumServer - run 7N2MYN1528001420 Appium Server in port 4723...
2017-07-10 16:05:56,106 INFO TestNG com.tools.AppiumServer - appium.cmd -p 4723 -bp 4724 --session-override --chromedriver-port 9515 -U 7N2MYN1528001420 >c://4723.txt
2017-07-10 16:05:59,758 INFO TestNG com.tools.AppiumServer - run ZX1G722D9V Appium Server in port 4724...
2017-07-10 16:05:59,758 INFO TestNG com.tools.AppiumServer - appium.cmd -p 4724 -bp 4725 --session-override --chromedriver-port 9516 -U ZX1G722D9V >c://4724.txt
2017-07-10 16:07:53,001 INFO TestNG com.tools.AppiumServer - kill node.exe task ...
2017-07-10 16:07:56,640 INFO TestNG com.tools.AppiumServer - init appium server...
2017-07-10 16:07:56,640 INFO TestNG com.tools.AppiumServer - run 7N2MYN1528001420 Appium Server in port 4723...
2017-07-10 16:07:56,640 INFO TestNG com.tools.AppiumServer - appium.cmd -p 4723 -bp 4724 --session-override --chromedriver-port 9515 -U 7N2MYN1528001420 >c://4723.txt
2017-07-10 16:08:00,285 INFO TestNG com.tools.AppiumServer - run ZX1G722D9V Appium Server in port 4724...
2017-07-10 16:08:00,285 INFO TestNG com.tools.AppiumServer - appium.cmd -p 4724 -bp 4725 --session-override --chromedriver-port 9516 -U ZX1G722D9V >c://4724.txt
2017-07-10 16:09:47,020 INFO TestNG com.tools.AppiumServer - kill node.exe task ...
2017-07-10 16:09:50,660 INFO TestNG com.tools.AppiumServer - init appium server...
2017-07-10 16:09:50,660 INFO TestNG com.tools.AppiumServer - run 7N2MYN1528001420 Appium Server in port 4723...
2017-07-10 16:09:50,660 INFO TestNG com.tools.AppiumServer - appium.cmd -p 4723 -bp 4724 --session-override --chromedriver-port 9515 -U 7N2MYN1528001420 >c://4723.txt
2017-07-10 16:09:54,304 INFO TestNG com.tools.AppiumServer - run ZX1G722D9V Appium Server in port 4724...
2017-07-10 16:09:54,304 INFO TestNG com.tools.AppiumServer - appium.cmd -p 4724 -bp 4725 --session-override --chromedriver-port 9516 -U ZX1G722D9V >c://4724.txt
2017-07-10 16:13:37,549 INFO main com.tools.AppiumServer - kill node.exe task ...
2017-07-10 16:13:41,191 INFO main com.tools.AppiumServer - init appium server...
2017-07-10 16:13:41,191 INFO main com.tools.AppiumServer - run 7N2MYN1528001420 Appium Server in port 4723...
2017-07-10 16:13:41,191 INFO main com.tools.AppiumServer - appium.cmd -p 4723 -bp 4724 --session-override --chromedriver-port 9515 -U 7N2MYN1528001420 >c://4723.txt
2017-07-10 16:13:44,837 INFO main com.tools.AppiumServer - run ZX1G722D9V Appium Server in port 4724...
2017-07-10 16:13:44,838 INFO main com.tools.AppiumServer - appium.cmd -p 4724 -bp 4725 --session-override --chromedriver-port 9516 -U ZX1G722D9V >c://4724.txt
2017-07-12 17:18:28,559 INFO TestNG com.tools.AppiumServer - kill node.exe task ...
2017-07-12 17:18:28,661 INFO TestNG com.tools.AppiumServer - Wait to Appium server restart 3600ms
2017-07-12 17:18:32,261 INFO TestNG com.tools.AppiumServer - init appium server...
2017-07-12 17:18:32,261 INFO TestNG com.tools.AppiumServer - run 7N2MYN1528001420 Appium Server in port 4723...
2017-07-12 17:18:32,261 INFO TestNG com.tools.AppiumServer - appium.cmd -p 4723 -bp 4724 --session-override --chromedriver-port 9515 -U 7N2MYN1528001420 >c://4723.txt
2017-07-12 17:18:32,311 INFO TestNG com.tools.AppiumServer - Wait to Appium server restart 3600ms
2017-07-12 20:48:33,209 INFO TestNG com.tools.AppiumServer - kill node.exe task ...
2017-07-12 20:48:33,209 INFO TestNG com.tools.AppiumServer - kill node.exe task ...
2017-07-12 20:48:33,254 INFO TestNG com.tools.AppiumServer - Wait to Appium server restart 3600ms
2017-07-12 20:48:33,304 INFO TestNG com.tools.AppiumServer - Wait to Appium server restart 3600ms
2017-07-12 20:48:36,854 INFO TestNG com.tools.AppiumServer - init appium server...
2017-07-12 20:48:36,854 INFO TestNG com.tools.AppiumServer - run ZX1G722D9V Appium Server in port 4724...
2017-07-12 20:48:36,854 INFO TestNG com.tools.AppiumServer - appium.cmd -p 4724 -bp 4725 --session-override --chromedriver-port 9516 -U ZX1G722D9V >c://4724.txt
2017-07-12 20:48:36,902 INFO TestNG com.tools.AppiumServer - Wait to Appium server restart 3600ms
2017-07-12 20:48:36,904 INFO TestNG com.tools.AppiumServer - init appium server...
2017-07-12 20:48:36,904 INFO TestNG com.tools.AppiumServer - run 7N2MYN1528001420 Appium Server in port 4723...
2017-07-12 20:48:36,904 INFO TestNG com.tools.AppiumServer - appium.cmd -p 4723 -bp 4724 --session-override --chromedriver-port 9515 -U 7N2MYN1528001420 >c://4723.txt
2017-07-12 20:48:36,933 INFO TestNG com.tools.AppiumServer - Wait to Appium server restart 3600ms
2017-07-12 20:50:05,729 INFO TestNG com.tools.AppiumServer - kill node.exe task ...
2017-07-12 20:50:05,729 INFO TestNG com.tools.AppiumServer - kill node.exe task ...
2017-07-12 20:50:05,765 INFO TestNG com.tools.AppiumServer - Wait to Appium server restart 3600ms
2017-07-12 20:50:05,807 INFO TestNG com.tools.AppiumServer - Wait to Appium server restart 3600ms
2017-07-12 20:50:09,365 INFO TestNG com.tools.AppiumServer - init appium server...
2017-07-12 20:50:09,365 INFO TestNG com.tools.AppiumServer - run 7N2MYN1528001420 Appium Server in port 4723...
2017-07-12 20:50:09,365 INFO TestNG com.tools.AppiumServer - appium.cmd -p 4723 -bp 4724 --session-override --chromedriver-port 9515 -U 7N2MYN1528001420 >c://4723.txt
2017-07-12 20:50:09,408 INFO TestNG com.tools.AppiumServer - init appium server...
2017-07-12 20:50:13,598 INFO TestNG com.tools.AppiumServer - Wait to Appium server restart 3600ms
2017-07-12 20:50:13,602 INFO TestNG com.tools.AppiumServer - run ZX1G722D9V Appium Server in port 4724...
2017-07-12 20:50:13,603 INFO TestNG com.tools.AppiumServer - appium.cmd -p 4724 -bp 4725 --session-override --chromedriver-port 9516 -U ZX1G722D9V >c://4724.txt
2017-07-12 20:50:13,651 INFO TestNG com.tools.AppiumServer - Wait to Appium server restart 3600ms
2017-07-12 20:52:10,693 INFO TestNG com.tools.AppiumServer - kill node.exe task ...
2017-07-12 20:52:10,693 INFO TestNG com.tools.AppiumServer - kill node.exe task ...
2017-07-12 20:52:10,735 INFO TestNG com.tools.AppiumServer - Wait to Appium server restart 3600ms
2017-07-12 20:52:10,794 INFO TestNG com.tools.AppiumServer - Wait to Appium server restart 3600ms
2017-07-12 20:52:14,335 INFO TestNG com.tools.AppiumServer - init appium server...
2017-07-12 20:52:14,335 INFO TestNG com.tools.AppiumServer - run ZX1G722D9V Appium Server in port 4724...
2017-07-12 20:52:14,335 INFO TestNG com.tools.AppiumServer - appium.cmd -p 4724 -bp 4725 --session-override --chromedriver-port 9516 -U ZX1G722D9V >c://4724.txt
2017-07-12 20:52:14,363 INFO TestNG com.tools.AppiumServer - Wait to Appium server restart 3600ms
2017-07-12 20:52:14,394 INFO TestNG com.tools.AppiumServer - init appium server...
2017-07-12 20:52:14,394 INFO TestNG com.tools.AppiumServer - run 7N2MYN1528001420 Appium Server in port 4723...
2017-07-12 20:52:14,394 INFO TestNG com.tools.AppiumServer - appium.cmd -p 4723 -bp 4724 --session-override --chromedriver-port 9515 -U 7N2MYN1528001420 >c://4723.txt
2017-07-12 20:52:14,432 INFO TestNG com.tools.AppiumServer - Wait to Appium server restart 3600ms
2017-07-12 20:53:58,696 INFO TestNG com.tools.AppiumServer - kill node.exe task ...
2017-07-12 20:53:58,696 INFO TestNG com.tools.AppiumServer - kill node.exe task ...
2017-07-12 20:53:58,738 INFO TestNG com.tools.AppiumServer - Wait to Appium server restart 3600ms
2017-07-12 20:53:58,803 INFO TestNG com.tools.AppiumServer - Wait to Appium server restart 3600ms
2017-07-12 20:54:02,339 INFO TestNG com.tools.AppiumServer - init appium server...
2017-07-12 20:54:02,339 INFO TestNG com.tools.AppiumServer - run ZX1G722D9V Appium Server in port 4724...
2017-07-12 20:54:02,339 INFO TestNG com.tools.AppiumServer - appium.cmd -p 4724 -bp 4725 --session-override --chromedriver-port 9516 -U ZX1G722D9V >c://4724.txt
2017-07-12 20:54:02,376 INFO TestNG com.tools.AppiumServer - Wait to Appium server restart 3600ms
2017-07-12 20:54:02,404 INFO TestNG com.tools.AppiumServer - init appium server...
2017-07-12 20:54:02,404 INFO TestNG com.tools.AppiumServer - run 7N2MYN1528001420 Appium Server in port 4723...
2017-07-12 20:54:02,404 INFO TestNG com.tools.AppiumServer - appium.cmd -p 4723 -bp 4724 --session-override --chromedriver-port 9515 -U 7N2MYN1528001420 >c://4723.txt
2017-07-12 20:54:02,439 INFO TestNG com.tools.AppiumServer - Wait to Appium server restart 3600ms
2017-07-12 20:56:09,375 INFO TestNG com.tools.AppiumServer - kill node.exe task ...
2017-07-12 20:56:09,375 INFO TestNG com.tools.AppiumServer - kill node.exe task ...
2017-07-12 20:56:09,427 INFO TestNG com.tools.AppiumServer - Wait to Appium server restart 3600ms
2017-07-12 20:56:09,488 INFO TestNG com.tools.AppiumServer - Wait to Appium server restart 3600ms
2017-07-12 20:56:13,027 INFO TestNG com.tools.AppiumServer - init appium server...
2017-07-12 20:56:13,027 INFO TestNG com.tools.AppiumServer - run 7N2MYN1528001420 Appium Server in port 4723...
2017-07-12 20:56:13,027 INFO TestNG com.tools.AppiumServer - appium.cmd -p 4723 -bp 4724 --session-override --chromedriver-port 9515 -U 7N2MYN1528001420 >c://4723.txt
2017-07-12 20:56:13,071 INFO TestNG com.tools.AppiumServer - Wait to Appium server restart 3600ms
2017-07-12 20:56:13,088 INFO TestNG com.tools.AppiumServer - init appium server...
2017-07-12 20:56:13,088 INFO TestNG com.tools.AppiumServer - run ZX1G722D9V Appium Server in port 4724...
2017-07-12 20:56:13,088 INFO TestNG com.tools.AppiumServer - appium.cmd -p 4724 -bp 4725 --session-override --chromedriver-port 9516 -U ZX1G722D9V >c://4724.txt
2017-07-12 20:56:13,129 INFO TestNG com.tools.AppiumServer - Wait to Appium server restart 3600ms
2017-07-12 20:57:11,530 INFO TestNG com.tools.AppiumServer - kill node.exe task ...
2017-07-12 20:57:11,530 INFO TestNG com.tools.AppiumServer - kill node.exe task ...
2017-07-12 20:57:11,580 INFO TestNG com.tools.AppiumServer - Wait to Appium server restart 3600ms
2017-07-12 20:57:11,637 INFO TestNG com.tools.AppiumServer - Wait to Appium server restart 3600ms
2017-07-12 20:57:15,184 INFO TestNG com.tools.AppiumServer - init appium server...
2017-07-12 20:57:15,184 INFO TestNG com.tools.AppiumServer - run ZX1G722D9V Appium Server in port 4724...
2017-07-12 20:57:15,184 INFO TestNG com.tools.AppiumServer - appium.cmd -p 4724 -bp 4725 --session-override --chromedriver-port 9516 -U ZX1G722D9V >c://4724.txt
2017-07-12 20:57:15,225 INFO TestNG com.tools.AppiumServer - Wait to Appium server restart 3600ms
2017-07-12 20:57:15,237 INFO TestNG com.tools.AppiumServer - init appium server...
2017-07-12 20:57:15,237 INFO TestNG com.tools.AppiumServer - run 7N2MYN1528001420 Appium Server in port 4723...
2017-07-12 20:57:15,238 INFO TestNG com.tools.AppiumServer - appium.cmd -p 4723 -bp 4724 --session-override --chromedriver-port 9515 -U 7N2MYN1528001420 >c://4723.txt
2017-07-12 20:57:15,281 INFO TestNG com.tools.AppiumServer - Wait to Appium server restart 3600ms
2017-07-12 21:00:13,182 INFO TestNG com.tools.AppiumServer - kill node.exe task ...
2017-07-12 21:00:13,182 INFO TestNG com.tools.AppiumServer - kill node.exe task ...
2017-07-12 21:00:13,227 INFO TestNG com.tools.AppiumServer - Wait to Appium server restart 3600ms
2017-07-12 21:00:13,293 INFO TestNG com.tools.AppiumServer - Wait to Appium server restart 3600ms
2017-07-12 21:00:16,828 INFO TestNG com.tools.AppiumServer - init appium server...
2017-07-12 21:00:16,828 INFO TestNG com.tools.AppiumServer - run ZX1G722D9V Appium Server in port 4724...
2017-07-12 21:00:16,828 INFO TestNG com.tools.AppiumServer - appium.cmd -p 4724 -bp 4725 --session-override --chromedriver-port 9516 -U ZX1G722D9V >c://4724.txt
2017-07-12 21:00:16,869 INFO TestNG com.tools.AppiumServer - Wait to Appium server restart 3600ms
2017-07-12 21:00:16,893 INFO TestNG com.tools.AppiumServer - init appium server...
2017-07-12 21:00:16,893 INFO TestNG com.tools.AppiumServer - run 7N2MYN1528001420 Appium Server in port 4723...
2017-07-12 21:00:16,893 INFO TestNG com.tools.AppiumServer - appium.cmd -p 4723 -bp 4724 --session-override --chromedriver-port 9515 -U 7N2MYN1528001420 >c://4723.txt
2017-07-12 21:00:16,931 INFO TestNG com.tools.AppiumServer - Wait to Appium server restart 3600ms
2017-07-12 21:02:41,737 INFO TestNG com.tools.AppiumServer - kill node.exe task ...
2017-07-12 21:02:41,778 INFO TestNG com.tools.AppiumServer - Wait to Appium server restart 3600ms
2017-07-12 21:02:45,379 INFO TestNG com.tools.AppiumServer - init appium server...
2017-07-12 21:02:45,379 INFO TestNG com.tools.AppiumServer - run 7N2MYN1528001420 Appium Server in port 4723...
2017-07-12 21:02:45,379 INFO TestNG com.tools.AppiumServer - appium.cmd -p 4723 -bp 4724 --session-override --chromedriver-port 9515 -U 7N2MYN1528001420 >c://4723.txt
2017-07-12 21:02:45,431 INFO TestNG com.tools.AppiumServer - Wait to Appium server restart 3600ms
2017-07-12 21:04:33,340 INFO TestNG com.tools.AppiumServer - kill node.exe task ...
2017-07-12 21:04:33,340 INFO TestNG com.tools.AppiumServer - kill node.exe task ...
2017-07-12 21:04:33,385 INFO TestNG com.tools.AppiumServer - Wait to Appium server restart 3600ms
2017-07-12 21:04:33,452 INFO TestNG com.tools.AppiumServer - Wait to Appium server restart 3600ms
2017-07-12 21:04:36,985 INFO TestNG com.tools.AppiumServer - init appium server...
2017-07-12 21:04:36,985 INFO TestNG com.tools.AppiumServer - run ZX1G722D9V Appium Server in port 4724...
2017-07-12 21:04:36,985 INFO TestNG com.tools.AppiumServer - appium.cmd -p 4724 -bp 4725 --session-override --chromedriver-port 9516 -U ZX1G722D9V >c://4724.txt
2017-07-12 21:04:37,037 INFO TestNG com.tools.AppiumServer - Wait to Appium server restart 3600ms
2017-07-12 21:04:37,052 INFO TestNG com.tools.AppiumServer - init appium server...
2017-07-12 21:04:37,052 INFO TestNG com.tools.AppiumServer - run 7N2MYN1528001420 Appium Server in port 4723...
2017-07-12 21:04:37,052 INFO TestNG com.tools.AppiumServer - appium.cmd -p 4723 -bp 4724 --session-override --chromedriver-port 9515 -U 7N2MYN1528001420 >c://4723.txt
2017-07-12 21:04:37,087 INFO TestNG com.tools.AppiumServer - Wait to Appium server restart 3600ms
2017-07-12 21:11:59,567 INFO TestNG com.tools.AppiumServer - kill node.exe task ...
2017-07-12 21:11:59,567 INFO TestNG com.tools.AppiumServer - kill node.exe task ...
2017-07-12 21:11:59,609 INFO TestNG com.tools.AppiumServer - Wait to Appium server restart 3600ms
2017-07-12 21:11:59,662 INFO TestNG com.tools.AppiumServer - Wait to Appium server restart 3600ms
2017-07-12 21:12:03,209 INFO TestNG com.tools.AppiumServer - init appium server...
2017-07-12 21:12:03,209 INFO TestNG com.tools.AppiumServer - run 7N2MYN1528001420 Appium Server in port 4723...
2017-07-12 21:12:03,209 INFO TestNG com.tools.AppiumServer - appium.cmd -p 4723 -bp 4724 --session-override --chromedriver-port 9515 -U 7N2MYN1528001420 >c://4723.txt
2017-07-12 21:12:03,255 INFO TestNG com.tools.AppiumServer - Wait to Appium server restart 3600ms
2017-07-12 21:12:03,262 INFO TestNG com.tools.AppiumServer - init appium server...
2017-07-12 21:12:03,262 INFO TestNG com.tools.AppiumServer - run ZX1G722D9V Appium Server in port 4724...
2017-07-12 21:12:03,262 INFO TestNG com.tools.AppiumServer - appium.cmd -p 4724 -bp 4725 --session-override --chromedriver-port 9516 -U ZX1G722D9V >c://4724.txt
2017-07-12 21:12:03,291 INFO TestNG com.tools.AppiumServer - Wait to Appium server restart 3600ms
2017-07-12 21:12:53,196 INFO TestNG com.tools.AppiumServer - kill node.exe task ...
2017-07-12 21:12:53,196 INFO TestNG com.tools.AppiumServer - kill node.exe task ...
2017-07-12 21:12:53,257 INFO TestNG com.tools.AppiumServer - Wait to Appium server restart 3600ms
2017-07-12 21:12:53,333 INFO TestNG com.tools.AppiumServer - Wait to Appium server restart 3600ms
2017-07-12 21:12:56,858 INFO TestNG com.tools.AppiumServer - init appium server...
2017-07-12 21:12:56,858 INFO TestNG com.tools.AppiumServer - run ZX1G722D9V Appium Server in port 4724...
2017-07-12 21:12:56,858 INFO TestNG com.tools.AppiumServer - appium.cmd -p 4724 -bp 4725 --session-override --chromedriver-port 9516 -U ZX1G722D9V >c://4724.txt
2017-07-12 21:12:56,917 INFO TestNG com.tools.AppiumServer - Wait to Appium server restart 3600ms
2017-07-12 21:12:56,934 INFO TestNG com.tools.AppiumServer - init appium server...
2017-07-12 21:12:56,934 INFO TestNG com.tools.AppiumServer - run 7N2MYN1528001420 Appium Server in port 4723...
2017-07-12 21:12:56,934 INFO TestNG com.tools.AppiumServer - appium.cmd -p 4723 -bp 4724 --session-override --chromedriver-port 9515 -U 7N2MYN1528001420 >c://4723.txt
2017-07-12 21:12:56,965 INFO TestNG com.tools.AppiumServer - Wait to Appium server restart 3600ms
2017-07-12 21:14:55,501 INFO TestNG com.tools.AppiumServer - kill node.exe task ...
2017-07-12 21:14:55,501 INFO TestNG com.tools.AppiumServer - kill node.exe task ...
2017-07-12 21:14:55,544 INFO TestNG com.tools.AppiumServer - Wait to Appium server restart 3600ms
2017-07-12 21:14:55,586 INFO TestNG com.tools.AppiumServer - Wait to Appium server restart 3600ms
2017-07-12 21:14:59,145 INFO TestNG com.tools.AppiumServer - init appium server...
2017-07-12 21:14:59,145 INFO TestNG com.tools.AppiumServer - run 7N2MYN1528001420 Appium Server in port 4723...
2017-07-12 21:14:59,145 INFO TestNG com.tools.AppiumServer - appium.cmd -p 4723 -bp 4724 --session-override --chromedriver-port 9515 -U 7N2MYN1528001420 >c://4723.txt
2017-07-12 21:14:59,187 INFO TestNG com.tools.AppiumServer - init appium server...
2017-07-12 21:14:59,187 INFO TestNG com.tools.AppiumServer - run ZX1G722D9V Appium Server in port 4724...
2017-07-12 21:14:59,187 INFO TestNG com.tools.AppiumServer - appium.cmd -p 4724 -bp 4725 --session-override --chromedriver-port 9516 -U ZX1G722D9V >c://4724.txt
2017-07-12 21:14:59,212 INFO TestNG com.tools.AppiumServer - Wait to Appium server restart 3600ms
2017-07-12 21:14:59,247 INFO TestNG com.tools.AppiumServer - Wait to Appium server restart 3600ms
2017-07-12 21:15:15,304 INFO TestNG com.tools.AppiumServer - kill node.exe task ...
2017-07-12 21:15:15,304 INFO TestNG com.tools.AppiumServer - kill node.exe task ...
2017-07-12 21:15:15,350 INFO TestNG com.tools.AppiumServer - Wait to Appium server restart 3600ms
2017-07-12 21:15:15,416 INFO TestNG com.tools.AppiumServer - Wait to Appium server restart 3600ms
2017-07-12 21:15:18,951 INFO TestNG com.tools.AppiumServer - init appium server...
2017-07-12 21:15:18,951 INFO TestNG com.tools.AppiumServer - run ZX1G722D9V Appium Server in port 4724...
2017-07-12 21:15:18,951 INFO TestNG com.tools.AppiumServer - appium.cmd -p 4724 -bp 4725 --session-override --chromedriver-port 9516 -U ZX1G722D9V >c://4724.txt
2017-07-12 21:15:19,005 INFO TestNG com.tools.AppiumServer - Wait to Appium server restart 3600ms
2017-07-12 21:15:19,017 INFO TestNG com.tools.AppiumServer - init appium server...
2017-07-12 21:15:19,017 INFO TestNG com.tools.AppiumServer - run 7N2MYN1528001420 Appium Server in port 4723...
2017-07-12 21:15:19,017 INFO TestNG com.tools.AppiumServer - appium.cmd -p 4723 -bp 4724 --session-override --chromedriver-port 9515 -U 7N2MYN1528001420 >c://4723.txt
2017-07-12 21:15:19,052 INFO TestNG com.tools.AppiumServer - Wait to Appium server restart 3600ms
2017-07-12 21:20:33,254 INFO TestNG com.tools.AppiumServer - kill node.exe task ...
2017-07-12 21:20:33,254 INFO TestNG com.tools.AppiumServer - kill node.exe task ...
2017-07-12 21:20:33,299 INFO TestNG com.tools.AppiumServer - Wait to Appium server restart 3600ms
2017-07-12 21:20:33,349 INFO TestNG com.tools.AppiumServer - Wait to Appium server restart 3600ms
2017-07-12 21:20:36,899 INFO TestNG com.tools.AppiumServer - init appium server...
2017-07-12 21:20:36,899 INFO TestNG com.tools.AppiumServer - run ZX1G722D9V Appium Server in port 4724...
2017-07-12 21:20:36,899 INFO TestNG com.tools.AppiumServer - appium.cmd -p 4724 -bp 4725 --session-override --chromedriver-port 9516 -U ZX1G722D9V >c://4724.txt
2017-07-12 21:20:36,940 INFO TestNG com.tools.AppiumServer - Wait to Appium server restart 3600ms
2017-07-12 21:20:36,949 INFO TestNG com.tools.AppiumServer - init appium server...
2017-07-12 21:20:36,950 INFO TestNG com.tools.AppiumServer - run 7N2MYN1528001420 Appium Server in port 4723...
2017-07-12 21:20:36,950 INFO TestNG com.tools.AppiumServer - appium.cmd -p 4723 -bp 4724 --session-override --chromedriver-port 9515 -U 7N2MYN1528001420 >c://4723.txt
2017-07-12 21:20:36,989 INFO TestNG com.tools.AppiumServer - Wait to Appium server restart 3600ms
2017-07-12 21:21:57,133 INFO TestNG com.tools.AppiumServer - Appium server is stopped now.
2017-07-12 21:22:01,368 INFO TestNG com.tools.AppiumServer - Appium server is stopped now.
2017-07-12 21:22:18,998 INFO TestNG com.tools.AppiumServer - kill node.exe task ...
2017-07-12 21:22:18,998 INFO TestNG com.tools.AppiumServer - kill node.exe task ...
2017-07-12 21:22:19,040 INFO TestNG com.tools.AppiumServer - Wait to Appium server restart 3600ms
2017-07-12 21:22:19,091 INFO TestNG com.tools.AppiumServer - Wait to Appium server restart 3600ms
2017-07-12 21:22:22,641 INFO TestNG com.tools.AppiumServer - init appium server...
2017-07-12 21:22:22,641 INFO TestNG com.tools.AppiumServer - run 7N2MYN1528001420 Appium Server in port 4723...
2017-07-12 21:22:22,641 INFO TestNG com.tools.AppiumServer - appium.cmd -p 4723 -bp 4724 --session-override --chromedriver-port 9515 -U 7N2MYN1528001420 >c://4723.txt
2017-07-12 21:22:22,687 INFO TestNG com.tools.AppiumServer - Wait to Appium server restart 3600ms
2017-07-12 21:22:22,697 INFO TestNG com.tools.AppiumServer - init appium server...
2017-07-12 21:22:22,697 INFO TestNG com.tools.AppiumServer - run ZX1G722D9V Appium Server in port 4724...
2017-07-12 21:22:22,697 INFO TestNG com.tools.AppiumServer - appium.cmd -p 4724 -bp 4725 --session-override --chromedriver-port 9516 -U ZX1G722D9V >c://4724.txt
2017-07-12 21:22:22,730 INFO TestNG com.tools.AppiumServer - Wait to Appium server restart 3600ms
2017-07-12 21:33:52,039 INFO TestNG com.tools.AppiumServer - kill node.exe task ...
2017-07-12 21:33:52,039 INFO TestNG com.tools.AppiumServer - kill node.exe task ...
2017-07-12 21:33:52,083 INFO TestNG com.tools.AppiumServer - Wait to Appium server restart 3600ms
2017-07-12 21:33:52,140 INFO TestNG com.tools.AppiumServer - Wait to Appium server restart 3600ms
2017-07-12 21:34:33,952 INFO TestNG com.tools.AppiumServer - kill node.exe task ...
2017-07-12 21:34:33,952 INFO TestNG com.tools.AppiumServer - kill node.exe task ...
2017-07-12 21:34:33,997 INFO TestNG com.tools.AppiumServer - Wait to Appium server restart 3600ms
2017-07-12 21:34:34,062 INFO TestNG com.tools.AppiumServer - Wait to Appium server restart 3600ms
2017-07-12 21:34:50,919 INFO TestNG com.tools.AppiumServer - kill node.exe task ...
2017-07-12 21:34:50,919 INFO TestNG com.tools.AppiumServer - kill node.exe task ...
2017-07-12 21:34:50,963 INFO TestNG com.tools.AppiumServer - Wait to Appium server restart 3600ms
2017-07-12 21:34:51,025 INFO TestNG com.tools.AppiumServer - Wait to Appium server restart 3600ms
2017-07-12 21:34:54,565 INFO TestNG com.tools.AppiumServer - init appium server...
2017-07-12 21:34:54,565 INFO TestNG com.tools.AppiumServer - run ZX1G722D9V Appium Server in port 4724...
2017-07-12 21:34:54,565 INFO TestNG com.tools.AppiumServer - appium.cmd -p 4724 -bp 4725 --session-override --chromedriver-port 9516 -U ZX1G722D9V >c://4724.txt
2017-07-12 21:34:54,598 INFO TestNG com.tools.AppiumServer - Wait to Appium server restart 3600ms
2017-07-12 21:34:54,625 INFO TestNG com.tools.AppiumServer - init appium server...
2017-07-12 21:34:54,625 INFO TestNG com.tools.AppiumServer - run 7N2MYN1528001420 Appium Server in port 4723...
2017-07-12 21:34:54,625 INFO TestNG com.tools.AppiumServer - appium.cmd -p 4723 -bp 4724 --session-override --chromedriver-port 9515 -U 7N2MYN1528001420 >c://4723.txt
2017-07-12 21:34:54,659 INFO TestNG com.tools.AppiumServer - Wait to Appium server restart 3600ms
2017-07-12 21:36:13,043 INFO TestNG com.tools.AppiumServer - Appium server is stopped now.
2017-07-12 21:36:14,816 INFO TestNG com.tools.AppiumServer - Appium server is stopped now.
